%このファイルは日本語文字を含みます.
\BOOKMARK [0][]{chapter.1}{\376\377\173\054\0001\172\340\000\040\136\217\212\326}{}% 1
\BOOKMARK [1][]{section.1.1}{\376\377\0001\000.\0001\000\040\131\052\226\175\121\111\166\172\226\373\134\016\121\145\142\341\131\047\060\153\060\112\060\121\060\213\212\262\230\114}{chapter.1}% 2
\BOOKMARK [1][]{section.1.2}{\376\377\0001\000.\0002\000\040\217\262\151\155\060\153\060\112\060\121\060\213\212\262\230\114}{chapter.1}% 3
\BOOKMARK [1][]{section.1.3}{\376\377\0001\000.\0003\000\040\125\266\217\262\127\213\131\052\226\175\121\111\166\172\226\373}{chapter.1}% 4
\BOOKMARK [1][]{section.1.4}{\376\377\0001\000.\0004\000\040\145\275\212\055\150\075\127\371\060\147\060\156\125\266\217\262\127\213\131\052\226\175\121\111\166\172\226\373}{chapter.1}% 5
\BOOKMARK [1][]{section.1.5}{\376\377\0001\000.\0005\000\040\121\110\210\114\170\024\172\166}{chapter.1}% 6
\BOOKMARK [1][]{section.1.6}{\376\377\0001\000.\0006\000\040\147\054\170\024\172\166\060\156\166\356\166\204}{chapter.1}% 7
\BOOKMARK [0][]{chapter.2}{\376\377\173\054\0002\172\340\000\040\142\113\154\325}{}% 8
\BOOKMARK [1][]{section.2.1}{\376\377\0002\000.\0001\000\040\121\150\117\123\060\156\151\313\220\040}{chapter.2}% 9
\BOOKMARK [1][]{section.2.2}{\376\377\0002\000.\0002\000\040\060\267\060\337\060\345\060\354\060\374\060\267\060\347\060\363\164\260\130\203}{chapter.2}% 10
\BOOKMARK [1][]{section.2.3}{\376\377\0002\000.\0003\000\040\156\051\133\244\060\156\212\055\212\010}{chapter.2}% 11
\BOOKMARK [1][]{section.2.4}{\376\377\0002\000.\0004\000\040\131\052\226\175\121\111\166\172\226\373\060\156\166\172\226\373\226\373\122\233}{chapter.2}% 12
\BOOKMARK [1][]{section.2.5}{\376\377\0002\000.\0005\000\040\156\051\133\244\121\205\060\156\156\051\136\246}{chapter.2}% 13
\BOOKMARK [1][]{section.2.6}{\376\377\0002\000.\0006\000\040\117\134\162\151\060\156\165\037\200\262\147\141\116\366}{chapter.2}% 14
\BOOKMARK [0][]{chapter.3}{\376\377\173\054\0003\172\340\000\040\175\120\147\234}{}% 15
\BOOKMARK [0][]{chapter.4}{\376\377\173\054\0004\172\340\000\040\175\120\212\326}{}% 16
\BOOKMARK [1][]{section.4.1}{\376\377\0004\000.\0001\000\040\163\376\146\102\160\271\060\147\060\156\142\020\147\234}{chapter.4}% 17
\BOOKMARK [1][]{section.4.2}{\376\377\0004\000.\0002\000\040\116\312\137\214\060\156\212\262\230\114}{chapter.4}% 18
\BOOKMARK [0][]{chapter*.2}{\376\377\123\302\200\003\145\207\163\056}{}% 19
